build/app/outputs/mapping/release/seeds.txt
com.example.flutter_maps2.MainActivity: MainActivity()
com.example.flutter_maps2.MainActivity
...
com.google.android.gms.internal.ads.zztf$zzs: com.google.android.gms.internal.ads.zztf$zzs zzccg
io.flutter.plugin.platform.SingleViewPresentation: io.flutter.plugin.platform.PlatformViewFactory viewFactory
com.baseflow.geolocator.R$styleable: int GradientColor_android_centerY
io.flutter.embedding.engine.FlutterJNI: void nativeRunBundleAndSnapshotFromLibrary(long,java.lang.String,java.lang.String,java.lang.String,android.content.res.AssetManager)
com.google.android.gms.measurement.internal.AppMeasurementDynamiteService: void logEvent(java.lang.String,java.lang.String,android.os.Bundle,boolean,boolean,long)
com.google.android.gms.internal.ads.zzgd
com.baseflow.geolocator.R$drawable: int common_google_signin_btn_icon_light_normal
com.baseflow.googleapiavailability.R$id: int text2
com.google.android.gms.internal.measurement.zzbt$zzb
com.baseflow.geolocator.R$id: int accessibility_custom_action_30
com.baseflow.googleapiavailability.R$id: int accessibility_custom_action_4
com.baseflow.location_permissions.R$id
com.google.android.gms.internal.ads.zzdwl
com.google.android.gms.internal.ads.zzbv$zza: com.google.android.gms.internal.ads.zzbv$zza$zze zzgx
com.baseflow.location_permissions.LocationPermissionsPlugin$1: LocationPermissionsPlugin$1(com.baseflow.location_permissions.LocationPermissionsPlugin)
com.google.android.gms.internal.ads.zztf$zzf: com.google.android.gms.internal.ads.zzedx zzea
com.google.android.gms.internal.measurement.zzq: com.google.android.gms.internal.measurement.zzr asInterface(android.os.IBinder)
com.baseflow.geolocator.R$drawable: int common_google_signin_btn_icon_dark_normal_background
com.google.android.gms.internal.ads.zztf$zzo: com.google.android.gms.internal.ads.zzedx zzea
com.google.android.gms.ads.formats.UnifiedNativeAdView: void setImageView(android.view.View)
io.flutter.embedding.engine.mutatorsstack.FlutterMutatorsStack: android.graphics.Matrix getFinalMatrix()
com.google.android.gms.internal.ads.zzbv$zzc: com.google.android.gms.internal.ads.zzeaq zzkx
androidx.core.app.CoreComponentFactory: CoreComponentFactory()
com.google.android.gms.measurement.AppMeasurement$ConditionalUserProperty: java.lang.String mOrigin
com.google.android.gms.internal.ads.zzdxe
com.google.android.gms.ads.initialization.AdapterStatus$State: com.google.android.gms.ads.initialization.AdapterStatus$State valueOf(java.lang.String)
com.baseflow.location_permissions.R$id: int text
io.flutter.embedding.engine.mutatorsstack.FlutterMutatorsStack: android.graphics.Matrix finalMatrix
androidx.lifecycle.Lifecycle$Event: androidx.lifecycle.Lifecycle$Event[] values()
androidx.core.R$id: int tag_accessibility_pane_title
androidx.core.app.RemoteActionCompat: RemoteActionCompat()
com.google.ads.mediation.AbstractAdViewAdapter: com.google.android.gms.ads.InterstitialAd zza(com.google.ads.mediation.AbstractAdViewAdapter,com.google.android.gms.ads.InterstitialAd)
com.baseflow.googleapiavailability.R$styleable: R$styleable()
com.baseflow.geolocator.R$attr: int fontProviderCerts
com.google.android.gms.ads.mediation.customevent.CustomEventInterstitial
com.google.android.gms.internal.ads.zztf$zzr: int zzcce
com.google.android.gms.dynamite.DynamiteModule$DynamiteLoaderClassLoader
com.google.firebase.installations.FirebaseInstallationsRegistrar
com.baseflow.googleapiavailability.R$dimen: int compat_control_corner_material
com.google.android.gms.internal.ads.zztf$zzc: com.google.android.gms.internal.ads.zztf$zzr zzbxm
com.google.android.gms.measurement.internal.zzaq: android.os.Parcelable$Creator CREATOR
com.google.android.gms.internal.ads.zzdvo
com.baseflow.googleapiavailability.GoogleApiAvailabilityPlugin: void onDetachedFromEngine(io.flutter.embedding.engine.plugins.FlutterPlugin$FlutterPluginBinding)
com.google.android.gms.internal.ads.zzbv$zzc: com.google.android.gms.internal.ads.zzeaq zzkw
com.google.android.gms.internal.measurement.zzbo$zza: boolean zzh
com.baseflow.geolocator.R$integer