build/app/outputs/mapping/release/mapping.txt
# compiler: R8
# compiler_version: 2.0.88
# min_api: 16
# pg_map_id: b8826ef
# common_typos_disable
...
com.google.android.gms.measurement.internal.zzcq -> com.google.android.gms.measurement.internal.t1:
    com.google.android.gms.measurement.internal.zzek zza -> a
    java.lang.Object zza() -> a
com.google.android.gms.measurement.internal.zzcr -> com.google.android.gms.measurement.internal.u1:
    com.google.android.gms.measurement.internal.zzek zza -> a
    java.lang.Object zza() -> a
com.google.android.gms.measurement.internal.zzcs -> com.google.android.gms.measurement.internal.v1:
    com.google.android.gms.measurement.internal.zzek zza -> a
    java.lang.Object zza() -> a
com.google.android.gms.measurement.internal.zzct -> com.google.android.gms.measurement.internal.w1:
    com.google.android.gms.measurement.internal.zzek zza -> a
    java.lang.Object zza() -> a
com.google.android.gms.measurement.internal.zzcu -> com.google.android.gms.measurement.internal.x1:
    com.google.android.gms.measurement.internal.zzek zza -> a
    java.lang.Object zza() -> a
com.google.android.gms.measurement.internal.zzcv -> com.google.android.gms.measurement.internal.y1:
    com.google.android.gms.measurement.internal.zzek zza -> a
    java.lang.Object zza() -> a
com.google.android.gms.measurement.internal.zzcw -> com.google.android.gms.measurement.internal.z1:
    com.google.android.gms.measurement.internal.zzek zza -> a
    java.lang.Object zza() -> a
com.google.android.gms.measurement.internal.zzcx -> com.google.android.gms.measurement.internal.a2:
    com.google.android.gms.measurement.internal.zzek zza -> a
    java.lang.Object zza() -> a
com.google.android.gms.measurement.internal.zzcy -> com.google.android.gms.measurement.internal.b2:
    com.google.android.gms.measurement.internal.zzek zza -> a
    java.lang.Object zza() -> a
com.google.android.gms.measurement.internal.zzcz -> com.google.android.gms.measurement.internal.c2:
    com.google.android.gms.measurement.internal.zzek zza -> a
    java.lang.Object zza() -> a
com.google.android.gms.measurement.internal.zzd -> com.google.android.gms.measurement.internal.d2:
    com.google.android.gms.measurement.internal.zzb zzc -> c
    long zzb -> b
    java.lang.String zza -> a
com.google.android.gms.measurement.internal.zzda -> com.google.android.gms.measurement.internal.e2:
    com.google.android.gms.measurement.internal.zzek zza -> a
    java.lang.Object zza() -> a
com.google.android.gms.measurement.internal.zzdb -> com.google.android.gms.measurement.internal.f2:
    com.google.android.gms.measurement.internal.zzek zza -> a
    java.lang.Object zza() -> a
com.google.android.gms.measurement.internal.zzdc -> com.google.android.gms.measurement.internal.g2:
    com.google.android.gms.measurement.internal.zzek zza -> a
    java.lang.Object zza() -> a
com.google.android.gms.measurement.internal.zzdd -> com.google.android.gms.measurement.internal.h2:
    com.google.android.gms.measurement.internal.zzek zza -> a
    java.lang.Object zza() -> a
com.google.android.gms.measurement.internal.zzde -> com.google.android.gms.measurement.internal.i2:
    com.google.android.gms.measurement.internal.zzek zza -> a
    java.lang.Object zza() -> a
com.google.android.gms.measurement.internal.zzdf -> com.google.android.gms.measurement.internal.j2:
    com.google.android.gms.measurement.internal.zzek zza -> a
    java.lang.Object zza() -> a
com.google.android.gms.measurement.internal.zzdg -> com.google.android.gms.measurement.internal.k2:
    com.google.android.gms.measurement.internal.zzek zza -> a
    java.lang.Object zza() -> a
com.google.android.gms.measurement.internal.zzdh -> com.google.android.gms.measurement.internal.l2:
    com.google.android.gms.measurement.internal.zzek zza -> a
    java.lang.Object zza() -> a
com.google.android.gms.measurement.internal.zzdi -> com.google.android.gms.measurement.internal.m2:
    com.google.android.gms.measurement.internal.zzek zza -> a
    java.lang.Object zza() -> a