build/app/outputs/mapping/release/usage.txt
com.example.flutter_maps2.R$color
com.example.flutter_maps2.R$style
com.example.flutter_maps2.BuildConfig
com.example.flutter_maps2.R
com.example.flutter_maps2.R$mipmap
com.example.flutter_maps2.R$dimen
com.example.flutter_maps2.R$layout
com.example.flutter_maps2.R$integer
com.example.flutter_maps2.R$attr
com.example.flutter_maps2.R$styleable
com.example.flutter_maps2.R$string
com.example.flutter_maps2.R$drawable
com.example.flutter_maps2.R$id
...
org.intellij.lang.annotations.JdkConstants$AdjustableOrientation
androidx.core.util.DebugUtils:
    private void <init>()
kotlin.ranges.IntProgression
kotlin.ranges.LongProgressionIterator
io.flutter.embedding.engine.plugins.FlutterPlugin$FlutterPluginBinding:
    public io.flutter.embedding.engine.FlutterEngine getFlutterEngine()
    public io.flutter.view.TextureRegistry getTextureRegistry()
    public io.flutter.embedding.engine.plugins.FlutterPlugin$FlutterAssets getFlutterAssets()
com.google.android.gms.internal.location.zzbb
kotlin.jvm.functions.Function8
com.google.firebase.analytics.connector.AnalyticsConnector$AnalyticsConnectorHandle
androidx.drawerlayout.widget.DrawerLayout$DrawerListener
com.google.firebase.analytics.connector.R
kotlin.collections.MovingSubList
com.google.android.gms.maps.internal.ILocationSourceDelegate
androidx.annotation.InterpolatorRes
com.google.android.gms.common.api.internal.zabz
kotlin.collections.DoubleIterator
com.google.firebase.analytics.connector.AnalyticsConnector:
    public abstract void logEvent(java.lang.String,java.lang.String,android.os.Bundle)
    public abstract void setUserProperty(java.lang.String,java.lang.String,java.lang.Object)
    public abstract java.util.Map getUserProperties(boolean)
    public abstract com.google.firebase.analytics.connector.AnalyticsConnector$AnalyticsConnectorHandle registerAnalyticsConnectorListener(java.lang.String,com.google.firebase.analytics.connector.AnalyticsConnector$AnalyticsConnectorListener)
    public abstract void setConditionalUserProperty(com.google.firebase.analytics.connector.AnalyticsConnector$ConditionalUserProperty)
    public abstract void clearConditionalUserProperty(java.lang.String,java.lang.String,android.os.Bundle)
    public abstract java.util.List getConditionalUserProperties(java.lang.String,java.lang.String)
    public abstract int getMaxUserProperties(java.lang.String)
com.google.android.gms.measurement.AppMeasurementReceiver:
    public final android.content.BroadcastReceiver$PendingResult doGoAsync()
kotlin.jvm.internal.FloatSpreadBuilder
kotlin.coroutines.experimental.CoroutineContext$Key
androidx.loader.content.Loader$ForceLoadContentObserver
androidx.asynclayoutinflater.R$drawable
kotlin.jvm.internal.PackageReference
android.support.v4.os.IResultReceiver$Stub$Proxy
kotlin.TypeAliasesKt
com.google.android.gms.common.internal.ClientSettings$OptionalApiSettings:
    public void <init>(java.util.Set)
kotlin.coroutines.experimental.intrinsics.IntrinsicsKt
kotlin.reflect.KMutableProperty0$Setter
androidx.browser.customtabs.CustomTabsClient
com.google.android.gms.ads.AdActivity:
    public static final java.lang.String CLASS_NAME
    public static final java.lang.String SIMPLE_CLASS_NAME
io.flutter.plugins.firebase.core.R$drawable
com.google.android.gms.internal.base.zac
com.google.android.gms.internal.maps.zzaf
com.google.android.gms.common.api.internal.zaaw
com.google.android.gms.ads.search.DynamicHeightSearchAdRequest$Builder
com.google.android.gms.maps.internal.zzk:
    public final com.google.android.gms.maps.internal.IGoogleMapDelegate getMap()
    public final void onLowMemory()
    public final void onEnterAmbient(android.os.Bundle)
    public final void onExitAmbient()
androidx.core.graphics.PathParser$PathDataNode
com.google.firebase.iid.R
kotlin.ranges.CharRange$Companion
androidx.annotation.VisibleForTesting
com.google.android.gms.common.server.response.zai
com.lyokone.location_web.R
kotlin.Unit
com.google.android.gms.internal.measurement.zzes$zza:
    void <init>()
io.flutter.plugins.flutter_plugin_android_lifecycle.R$layout
androidx.core.view.inputmethod.InputContentInfoCompat
androidx.legacy.coreutils.R$attr
kotlin.contracts.ConditionalEffect
com.google.android.gms.common.R$integer
androidx.activity.R
androidx.print.PrintHelper$PrintUriAdapter$1
androidx.browser.R$style
io.flutter.plugins.googlemaps.R$style